Analysis & Synthesis report for mips
Thu Jul 09 17:25:45 2020
Quartus Prime Version 18.1.0 Build 625 09/12/2018 SJ Lite Edition


---------------------
; Table of Contents ;
---------------------
  1. Legal Notice
  2. Analysis & Synthesis Summary
  3. Analysis & Synthesis Settings
  4. Parallel Compilation
  5. Analysis & Synthesis Source Files Read
  6. Analysis & Synthesis Resource Usage Summary
  7. Analysis & Synthesis Resource Utilization by Entity
  8. General Register Statistics
  9. Inverted Register Statistics
 10. Post-Synthesis Netlist Statistics for Top Partition
 11. Elapsed Time Per Partition
 12. Analysis & Synthesis Messages



----------------
; Legal Notice ;
----------------
Copyright (C) 2018  Intel Corporation. All rights reserved.
Your use of Intel Corporation's design tools, logic functions 
and other software and tools, and its AMPP partner logic 
functions, and any output files from any of the foregoing 
(including device programming or simulation files), and any 
associated documentation or information are expressly subject 
to the terms and conditions of the Intel Program License 
Subscription Agreement, the Intel Quartus Prime License Agreement,
the Intel FPGA IP License Agreement, or other applicable license
agreement, including, without limitation, that your use is for
the sole purpose of programming logic devices manufactured by
Intel and sold by Intel or its authorized distributors.  Please
refer to the applicable agreement for further details.



+-------------------------------------------------------------------------------+
; Analysis & Synthesis Summary                                                  ;
+---------------------------------+---------------------------------------------+
; Analysis & Synthesis Status     ; Successful - Thu Jul 09 17:25:45 2020       ;
; Quartus Prime Version           ; 18.1.0 Build 625 09/12/2018 SJ Lite Edition ;
; Revision Name                   ; mips                                        ;
; Top-level Entity Name           ; clock_converter                             ;
; Family                          ; Cyclone V                                   ;
; Logic utilization (in ALMs)     ; N/A                                         ;
; Total registers                 ; 33                                          ;
; Total pins                      ; 2                                           ;
; Total virtual pins              ; 0                                           ;
; Total block memory bits         ; 0                                           ;
; Total DSP Blocks                ; 0                                           ;
; Total HSSI RX PCSs              ; 0                                           ;
; Total HSSI PMA RX Deserializers ; 0                                           ;
; Total HSSI TX PCSs              ; 0                                           ;
; Total HSSI PMA TX Serializers   ; 0                                           ;
; Total PLLs                      ; 0                                           ;
; Total DLLs                      ; 0                                           ;
+---------------------------------+---------------------------------------------+


+---------------------------------------------------------------------------------------------------------------------------+
; Analysis & Synthesis Settings                                                                                             ;
+---------------------------------------------------------------------------------+--------------------+--------------------+
; Option                                                                          ; Setting            ; Default Value      ;
+---------------------------------------------------------------------------------+--------------------+--------------------+
; Device                                                                          ; 5CGXFC7C7F23C8     ;                    ;
; Top-level entity name                                                           ; clock_converter    ; mips               ;
; Family name                                                                     ; Cyclone V          ; Cyclone V          ;
; Use smart compilation                                                           ; Off                ; Off                ;
; Enable parallel Assembler and Timing Analyzer during compilation                ; On                 ; On                 ;
; Enable compact report table                                                     ; Off                ; Off                ;
; Restructure Multiplexers                                                        ; Auto               ; Auto               ;
; MLAB Add Timing Constraints For Mixed-Port Feed-Through Mode Setting Don't Care ; Off                ; Off                ;
; Create Debugging Nodes for IP Cores                                             ; Off                ; Off                ;
; Preserve fewer node names                                                       ; On                 ; On                 ;
; Intel FPGA IP Evaluation Mode                                                   ; Enable             ; Enable             ;
; Verilog Version                                                                 ; Verilog_2001       ; Verilog_2001       ;
; VHDL Version                                                                    ; VHDL_1993          ; VHDL_1993          ;
; State Machine Processing                                                        ; Auto               ; Auto               ;
; Safe State Machine                                                              ; Off                ; Off                ;
; Extract Verilog State Machines                                                  ; On                 ; On                 ;
; Extract VHDL State Machines                                                     ; On                 ; On                 ;
; Ignore Verilog initial constructs                                               ; Off                ; Off                ;
; Iteration limit for constant Verilog loops                                      ; 5000               ; 5000               ;
; Iteration limit for non-constant Verilog loops                                  ; 250                ; 250                ;
; Add Pass-Through Logic to Inferred RAMs                                         ; On                 ; On                 ;
; Infer RAMs from Raw Logic                                                       ; On                 ; On                 ;
; Parallel Synthesis                                                              ; On                 ; On                 ;
; DSP Block Balancing                                                             ; Auto               ; Auto               ;
; NOT Gate Push-Back                                                              ; On                 ; On                 ;
; Power-Up Don't Care                                                             ; On                 ; On                 ;
; Remove Redundant Logic Cells                                                    ; Off                ; Off                ;
; Remove Duplicate Registers                                                      ; On                 ; On                 ;
; Ignore CARRY Buffers                                                            ; Off                ; Off                ;
; Ignore CASCADE Buffers                                                          ; Off                ; Off                ;
; Ignore GLOBAL Buffers                                                           ; Off                ; Off                ;
; Ignore ROW GLOBAL Buffers                                                       ; Off                ; Off                ;
; Ignore LCELL Buffers                                                            ; Off                ; Off                ;
; Ignore SOFT Buffers                                                             ; On                 ; On                 ;
; Limit AHDL Integers to 32 Bits                                                  ; Off                ; Off                ;
; Optimization Technique                                                          ; Balanced           ; Balanced           ;
; Carry Chain Length                                                              ; 70                 ; 70                 ;
; Auto Carry Chains                                                               ; On                 ; On                 ;
; Auto Open-Drain Pins                                                            ; On                 ; On                 ;
; Perform WYSIWYG Primitive Resynthesis                                           ; Off                ; Off                ;
; Auto ROM Replacement                                                            ; On                 ; On                 ;
; Auto RAM Replacement                                                            ; On                 ; On                 ;
; Auto DSP Block Replacement                                                      ; On                 ; On                 ;
; Auto Shift Register Replacement                                                 ; Auto               ; Auto               ;
; Allow Shift Register Merging across Hierarchies                                 ; Auto               ; Auto               ;
; Auto Clock Enable Replacement                                                   ; On                 ; On                 ;
; Strict RAM Replacement                                                          ; Off                ; Off                ;
; Allow Synchronous Control Signals                                               ; On                 ; On                 ;
; Force Use of Synchronous Clear Signals                                          ; Off                ; Off                ;
; Auto Resource Sharing                                                           ; Off                ; Off                ;
; Allow Any RAM Size For Recognition                                              ; Off                ; Off                ;
; Allow Any ROM Size For Recognition                                              ; Off                ; Off                ;
; Allow Any Shift Register Size For Recognition                                   ; Off                ; Off                ;
; Use LogicLock Constraints during Resource Balancing                             ; On                 ; On                 ;
; Ignore translate_off and synthesis_off directives                               ; Off                ; Off                ;
; Timing-Driven Synthesis                                                         ; On                 ; On                 ;
; Report Parameter Settings                                                       ; On                 ; On                 ;
; Report Source Assignments                                                       ; On                 ; On                 ;
; Report Connectivity Checks                                                      ; On                 ; On                 ;
; Ignore Maximum Fan-Out Assignments                                              ; Off                ; Off                ;
; Synchronization Register Chain Length                                           ; 3                  ; 3                  ;
; Power Optimization During Synthesis                                             ; Normal compilation ; Normal compilation ;
; HDL message level                                                               ; Level2             ; Level2             ;
; Suppress Register Optimization Related Messages                                 ; Off                ; Off                ;
; Number of Removed Registers Reported in Synthesis Report                        ; 5000               ; 5000               ;
; Number of Swept Nodes Reported in Synthesis Report                              ; 5000               ; 5000               ;
; Number of Inverted Registers Reported in Synthesis Report                       ; 100                ; 100                ;
; Clock MUX Protection                                                            ; On                 ; On                 ;
; Auto Gated Clock Conversion                                                     ; Off                ; Off                ;
; Block Design Naming                                                             ; Auto               ; Auto               ;
; SDC constraint protection                                                       ; Off                ; Off                ;
; Synthesis Effort                                                                ; Auto               ; Auto               ;
; Shift Register Replacement - Allow Asynchronous Clear Signal                    ; On                 ; On                 ;
; Pre-Mapping Resynthesis Optimization                                            ; Off                ; Off                ;
; Analysis & Synthesis Message Level                                              ; Medium             ; Medium             ;
; Disable Register Merging Across Hierarchies                                     ; Auto               ; Auto               ;
; Resource Aware Inference For Block RAM                                          ; On                 ; On                 ;
; Automatic Parallel Synthesis                                                    ; On                 ; On                 ;
; Partial Reconfiguration Bitstream ID                                            ; Off                ; Off                ;
+---------------------------------------------------------------------------------+--------------------+--------------------+


+------------------------------------------+
; Parallel Compilation                     ;
+----------------------------+-------------+
; Processors                 ; Number      ;
+----------------------------+-------------+
; Number detected on machine ; 4           ;
; Maximum allowed            ; 2           ;
;                            ;             ;
; Average used               ; 1.00        ;
; Maximum used               ; 2           ;
;                            ;             ;
; Usage by Processor         ; % Time Used ;
;     Processor 1            ; 100.0%      ;
;     Processor 2            ;   0.1%      ;
+----------------------------+-------------+


+-----------------------------------------------------------------------------------------------------------------------------------------+
; Analysis & Synthesis Source Files Read                                                                                                  ;
+----------------------------------+-----------------+-----------------+--------------------------------------------------------+---------+
; File Name with User-Entered Path ; Used in Netlist ; File Type       ; File Name with Absolute Path                           ; Library ;
+----------------------------------+-----------------+-----------------+--------------------------------------------------------+---------+
; clock_converter.vhd              ; yes             ; User VHDL File  ; C:/Users/hilso/Downloads/mips/mips/clock_converter.vhd ;         ;
+----------------------------------+-----------------+-----------------+--------------------------------------------------------+---------+


+-----------------------------------------------------------+
; Analysis & Synthesis Resource Usage Summary               ;
+---------------------------------------------+-------------+
; Resource                                    ; Usage       ;
+---------------------------------------------+-------------+
; Estimate of Logic utilization (ALMs needed) ; 24          ;
;                                             ;             ;
; Combinational ALUT usage for logic          ; 41          ;
;     -- 7 input functions                    ; 0           ;
;     -- 6 input functions                    ; 6           ;
;     -- 5 input functions                    ; 0           ;
;     -- 4 input functions                    ; 0           ;
;     -- <=3 input functions                  ; 35          ;
;                                             ;             ;
; Dedicated logic registers                   ; 33          ;
;                                             ;             ;
; I/O pins                                    ; 2           ;
;                                             ;             ;
; Total DSP Blocks                            ; 0           ;
;                                             ;             ;
; Maximum fan-out node                        ; i_CLK~input ;
; Maximum fan-out                             ; 33          ;
; Total fan-out                               ; 204         ;
; Average fan-out                             ; 2.62        ;
+---------------------------------------------+-------------+


+--------------------------------------------------------------------------------------------------------------------------------------------------------------------------------------------+
; Analysis & Synthesis Resource Utilization by Entity                                                                                                                                        ;
+----------------------------+---------------------+---------------------------+-------------------+------------+------+--------------+---------------------+-----------------+--------------+
; Compilation Hierarchy Node ; Combinational ALUTs ; Dedicated Logic Registers ; Block Memory Bits ; DSP Blocks ; Pins ; Virtual Pins ; Full Hierarchy Name ; Entity Name     ; Library Name ;
+----------------------------+---------------------+---------------------------+-------------------+------------+------+--------------+---------------------+-----------------+--------------+
; |clock_converter           ; 41 (41)             ; 33 (33)                   ; 0                 ; 0          ; 2    ; 0            ; |clock_converter    ; clock_converter ; work         ;
+----------------------------+---------------------+---------------------------+-------------------+------------+------+--------------+---------------------+-----------------+--------------+
Note: For table entries with two numbers listed, the numbers in parentheses indicate the number of resources of the given type used by the specific entity alone. The numbers listed outside of parentheses indicate the total resources of the given type used by the specific entity and all of its sub-entities in the hierarchy.


+------------------------------------------------------+
; General Register Statistics                          ;
+----------------------------------------------+-------+
; Statistic                                    ; Value ;
+----------------------------------------------+-------+
; Total registers                              ; 33    ;
; Number of registers using Synchronous Clear  ; 31    ;
; Number of registers using Synchronous Load   ; 0     ;
; Number of registers using Asynchronous Clear ; 0     ;
; Number of registers using Asynchronous Load  ; 0     ;
; Number of registers using Clock Enable       ; 0     ;
; Number of registers using Preset             ; 0     ;
+----------------------------------------------+-------+


+--------------------------------------------------+
; Inverted Register Statistics                     ;
+----------------------------------------+---------+
; Inverted Register                      ; Fan out ;
+----------------------------------------+---------+
; w_COUNT[0]                             ; 2       ;
; Total number of inverted registers = 1 ;         ;
+----------------------------------------+---------+


+-----------------------------------------------------+
; Post-Synthesis Netlist Statistics for Top Partition ;
+-----------------------+-----------------------------+
; Type                  ; Count                       ;
+-----------------------+-----------------------------+
; arriav_ff             ; 33                          ;
;     SCLR              ; 31                          ;
;     plain             ; 2                           ;
; arriav_lcell_comb     ; 41                          ;
;     arith             ; 32                          ;
;         1 data inputs ; 32                          ;
;     normal            ; 9                           ;
;         1 data inputs ; 1                           ;
;         2 data inputs ; 2                           ;
;         6 data inputs ; 6                           ;
; boundary_port         ; 2                           ;
;                       ;                             ;
; Max LUT depth         ; 4.10                        ;
; Average LUT depth     ; 3.20                        ;
+-----------------------+-----------------------------+


+-------------------------------+
; Elapsed Time Per Partition    ;
+----------------+--------------+
; Partition Name ; Elapsed Time ;
+----------------+--------------+
; Top            ; 00:00:03     ;
+----------------+--------------+


+-------------------------------+
; Analysis & Synthesis Messages ;
+-------------------------------+
Info: *******************************************************************
Info: Running Quartus Prime Analysis & Synthesis
    Info: Version 18.1.0 Build 625 09/12/2018 SJ Lite Edition
    Info: Processing started: Thu Jul 09 17:25:09 2020
Info: Command: quartus_map --read_settings_files=on --write_settings_files=off mips -c mips
Warning (18236): Number of processors has not been specified which may cause overloading on shared machines.  Set the global assignment NUM_PARALLEL_PROCESSORS in your QSF to an appropriate value for best performance.
Info (20030): Parallel compilation is enabled and will use 2 of the 2 processors detected
Info (12021): Found 2 design units, including 1 entities, in source file clock_converter.vhd
    Info (12022): Found design unit 1: clock_converter-arch_1 File: C:/Users/hilso/Downloads/mips/mips/clock_converter.vhd Line: 12
    Info (12023): Found entity 1: clock_converter File: C:/Users/hilso/Downloads/mips/mips/clock_converter.vhd Line: 6
Info (12021): Found 2 design units, including 1 entities, in source file ual_ctrl.vhd
    Info (12022): Found design unit 1: ual_ctrl-arch_1 File: C:/Users/hilso/Downloads/mips/mips/ual_ctrl.vhd Line: 10
    Info (12023): Found entity 1: ual_ctrl File: C:/Users/hilso/Downloads/mips/mips/ual_ctrl.vhd Line: 4
Info (12021): Found 2 design units, including 1 entities, in source file ual.vhd
    Info (12022): Found design unit 1: ual-arch_1 File: C:/Users/hilso/Downloads/mips/mips/ual.vhd Line: 13
    Info (12023): Found entity 1: ual File: C:/Users/hilso/Downloads/mips/mips/ual.vhd Line: 5
Info (12021): Found 2 design units, including 1 entities, in source file subtrator.vhd
    Info (12022): Found design unit 1: subtrator-arch_1 File: C:/Users/hilso/Downloads/mips/mips/subtrator.vhd Line: 11
    Info (12023): Found entity 1: subtrator File: C:/Users/hilso/Downloads/mips/mips/subtrator.vhd Line: 4
Info (12021): Found 2 design units, including 1 entities, in source file somador_signed.vhd
    Info (12022): Found design unit 1: somador_signed-arch_1 File: C:/Users/hilso/Downloads/mips/mips/somador_signed.vhd Line: 11
    Info (12023): Found entity 1: somador_signed File: C:/Users/hilso/Downloads/mips/mips/somador_signed.vhd Line: 5
Info (12021): Found 2 design units, including 1 entities, in source file somador.vhd
    Info (12022): Found design unit 1: somador-soma File: C:/Users/hilso/Downloads/mips/mips/somador.vhd Line: 12
    Info (12023): Found entity 1: somador File: C:/Users/hilso/Downloads/mips/mips/somador.vhd Line: 5
Info (12021): Found 2 design units, including 1 entities, in source file seletor_5bit.vhd
    Info (12022): Found design unit 1: seletor_5bit-arch_1 File: C:/Users/hilso/Downloads/mips/mips/seletor_5bit.vhd Line: 11
    Info (12023): Found entity 1: seletor_5bit File: C:/Users/hilso/Downloads/mips/mips/seletor_5bit.vhd Line: 4
Info (12021): Found 2 design units, including 1 entities, in source file reg_bank.vhd
    Info (12022): Found design unit 1: reg_bank-arch_1 File: C:/Users/hilso/Downloads/mips/mips/reg_bank.vhd Line: 16
    Info (12023): Found entity 1: reg_bank File: C:/Users/hilso/Downloads/mips/mips/reg_bank.vhd Line: 5
Info (12021): Found 2 design units, including 1 entities, in source file reg.vhd
    Info (12022): Found design unit 1: reg-arch_1 File: C:/Users/hilso/Downloads/mips/mips/reg.vhd Line: 10
    Info (12023): Found entity 1: reg File: C:/Users/hilso/Downloads/mips/mips/reg.vhd Line: 4
Info (12021): Found 2 design units, including 1 entities, in source file or_32b.vhd
    Info (12022): Found design unit 1: or_32b-arch_1 File: C:/Users/hilso/Downloads/mips/mips/or_32b.vhd Line: 10
    Info (12023): Found entity 1: or_32b File: C:/Users/hilso/Downloads/mips/mips/or_32b.vhd Line: 4
Info (12021): Found 2 design units, including 1 entities, in source file mux2_1_32bits.vhd
    Info (12022): Found design unit 1: mux2_1_32Bits-seletor File: C:/Users/hilso/Downloads/mips/mips/mux2_1_32Bits.vhd Line: 10
    Info (12023): Found entity 1: mux2_1_32Bits File: C:/Users/hilso/Downloads/mips/mips/mux2_1_32Bits.vhd Line: 4
Info (12021): Found 2 design units, including 1 entities, in source file lessthan.vhd
    Info (12022): Found design unit 1: lessThan-arch_1 File: C:/Users/hilso/Downloads/mips/mips/lessThan.vhd Line: 10
    Info (12023): Found entity 1: lessThan File: C:/Users/hilso/Downloads/mips/mips/lessThan.vhd Line: 4
Info (12021): Found 2 design units, including 1 entities, in source file leftshift_26bit.vhd
    Info (12022): Found design unit 1: leftShift_26bit-arch_1 File: C:/Users/hilso/Downloads/mips/mips/leftShift_26bit.vhd Line: 9
    Info (12023): Found entity 1: leftShift_26bit File: C:/Users/hilso/Downloads/mips/mips/leftShift_26bit.vhd Line: 4
Info (12021): Found 2 design units, including 1 entities, in source file leftshift.vhd
    Info (12022): Found design unit 1: leftShift-arch_1 File: C:/Users/hilso/Downloads/mips/mips/leftShift.vhd Line: 9
    Info (12023): Found entity 1: leftShift File: C:/Users/hilso/Downloads/mips/mips/leftShift.vhd Line: 4
Info (12021): Found 2 design units, including 1 entities, in source file extensor.vhd
    Info (12022): Found design unit 1: extensor-arch_1 File: C:/Users/hilso/Downloads/mips/mips/extensor.vhd Line: 9
    Info (12023): Found entity 1: extensor File: C:/Users/hilso/Downloads/mips/mips/extensor.vhd Line: 4
Info (12021): Found 2 design units, including 1 entities, in source file data_mem.vhd
    Info (12022): Found design unit 1: data_mem-arch_1 File: C:/Users/hilso/Downloads/mips/mips/data_mem.vhd Line: 14
    Info (12023): Found entity 1: data_mem File: C:/Users/hilso/Downloads/mips/mips/data_mem.vhd Line: 5
Info (12021): Found 2 design units, including 1 entities, in source file controller.vhd
    Info (12022): Found design unit 1: controller-arch_1 File: C:/Users/hilso/Downloads/mips/mips/controller.vhd Line: 17
    Info (12023): Found entity 1: controller File: C:/Users/hilso/Downloads/mips/mips/controller.vhd Line: 4
Info (12021): Found 2 design units, including 1 entities, in source file concatenador.vhd
    Info (12022): Found design unit 1: concatenador-arch_1 File: C:/Users/hilso/Downloads/mips/mips/concatenador.vhd Line: 10
    Info (12023): Found entity 1: concatenador File: C:/Users/hilso/Downloads/mips/mips/concatenador.vhd Line: 4
Info (12021): Found 2 design units, including 1 entities, in source file and_32b.vhd
    Info (12022): Found design unit 1: and_32b-arch_1 File: C:/Users/hilso/Downloads/mips/mips/and_32b.vhd Line: 10
    Info (12023): Found entity 1: and_32b File: C:/Users/hilso/Downloads/mips/mips/and_32b.vhd Line: 4
Info (12021): Found 2 design units, including 1 entities, in source file inst1.vhd
    Info (12022): Found design unit 1: inst1-arch_1 File: C:/Users/hilso/Downloads/mips/mips/inst1.vhd Line: 12
    Info (12023): Found entity 1: inst1 File: C:/Users/hilso/Downloads/mips/mips/inst1.vhd Line: 5
Info (12021): Found 2 design units, including 1 entities, in source file inst2.vhd
    Info (12022): Found design unit 1: inst2-arch_1 File: C:/Users/hilso/Downloads/mips/mips/inst2.vhd Line: 11
    Info (12023): Found entity 1: inst2 File: C:/Users/hilso/Downloads/mips/mips/inst2.vhd Line: 5
Info (12021): Found 2 design units, including 1 entities, in source file mips.vhd
    Info (12022): Found design unit 1: mips-arch_1 File: C:/Users/hilso/Downloads/mips/mips/mips.vhd Line: 7
    Info (12023): Found entity 1: mips File: C:/Users/hilso/Downloads/mips/mips/mips.vhd Line: 4
Warning (10645): VHDL type inferencing warning at reg.vhd(5): two visible identifiers match "To_StdLogicVector" because the actual at position 0 has an ambiguous type - it could be "bit_vector" or "std_ulogic_vector", assuming "bit_vector" File: C:/Users/hilso/Downloads/mips/mips/reg.vhd Line: 5
Warning (10645): VHDL type inferencing warning at reg.vhd(7): two visible identifiers match "To_StdLogicVector" because the actual at position 0 has an ambiguous type - it could be "bit_vector" or "std_ulogic_vector", assuming "bit_vector" File: C:/Users/hilso/Downloads/mips/mips/reg.vhd Line: 7
Warning (10645): VHDL type inferencing warning at inst1.vhd(7): two visible identifiers match "To_StdLogicVector" because the actual at position 0 has an ambiguous type - it could be "bit_vector" or "std_ulogic_vector", assuming "bit_vector" File: C:/Users/hilso/Downloads/mips/mips/inst1.vhd Line: 7
Warning (10645): VHDL type inferencing warning at inst1.vhd(22): two visible identifiers match "To_StdLogicVector" because the actual at position 0 has an ambiguous type - it could be "bit_vector" or "std_ulogic_vector", assuming "bit_vector" File: C:/Users/hilso/Downloads/mips/mips/inst1.vhd Line: 22
Warning (10645): VHDL type inferencing warning at inst1.vhd(21): two visible identifiers match "To_StdLogicVector" because the actual at position 0 has an ambiguous type - it could be "bit_vector" or "std_ulogic_vector", assuming "bit_vector" File: C:/Users/hilso/Downloads/mips/mips/inst1.vhd Line: 21
Warning (10645): VHDL type inferencing warning at inst1.vhd(20): two visible identifiers match "To_StdLogicVector" because the actual at position 0 has an ambiguous type - it could be "bit_vector" or "std_ulogic_vector", assuming "bit_vector" File: C:/Users/hilso/Downloads/mips/mips/inst1.vhd Line: 20
Warning (10645): VHDL type inferencing warning at inst1.vhd(19): two visible identifiers match "To_StdLogicVector" because the actual at position 0 has an ambiguous type - it could be "bit_vector" or "std_ulogic_vector", assuming "bit_vector" File: C:/Users/hilso/Downloads/mips/mips/inst1.vhd Line: 19
Warning (10645): VHDL type inferencing warning at inst1.vhd(18): two visible identifiers match "To_StdLogicVector" because the actual at position 0 has an ambiguous type - it could be "bit_vector" or "std_ulogic_vector", assuming "bit_vector" File: C:/Users/hilso/Downloads/mips/mips/inst1.vhd Line: 18
Warning (10645): VHDL type inferencing warning at inst1.vhd(17): two visible identifiers match "To_StdLogicVector" because the actual at position 0 has an ambiguous type - it could be "bit_vector" or "std_ulogic_vector", assuming "bit_vector" File: C:/Users/hilso/Downloads/mips/mips/inst1.vhd Line: 17
Warning (10645): VHDL type inferencing warning at inst1.vhd(16): two visible identifiers match "To_StdLogicVector" because the actual at position 0 has an ambiguous type - it could be "bit_vector" or "std_ulogic_vector", assuming "bit_vector" File: C:/Users/hilso/Downloads/mips/mips/inst1.vhd Line: 16
Warning (10645): VHDL type inferencing warning at inst1.vhd(15): two visible identifiers match "To_StdLogicVector" because the actual at position 0 has an ambiguous type - it could be "bit_vector" or "std_ulogic_vector", assuming "bit_vector" File: C:/Users/hilso/Downloads/mips/mips/inst1.vhd Line: 15
Warning (10645): VHDL type inferencing warning at inst2.vhd(7): two visible identifiers match "To_StdLogicVector" because the actual at position 0 has an ambiguous type - it could be "bit_vector" or "std_ulogic_vector", assuming "bit_vector" File: C:/Users/hilso/Downloads/mips/mips/inst2.vhd Line: 7
Warning (10645): VHDL type inferencing warning at inst2.vhd(16): two visible identifiers match "To_StdLogicVector" because the actual at position 0 has an ambiguous type - it could be "bit_vector" or "std_ulogic_vector", assuming "bit_vector" File: C:/Users/hilso/Downloads/mips/mips/inst2.vhd Line: 16
Warning (10645): VHDL type inferencing warning at inst2.vhd(15): two visible identifiers match "To_StdLogicVector" because the actual at position 0 has an ambiguous type - it could be "bit_vector" or "std_ulogic_vector", assuming "bit_vector" File: C:/Users/hilso/Downloads/mips/mips/inst2.vhd Line: 15
Warning (10645): VHDL type inferencing warning at inst2.vhd(14): two visible identifiers match "To_StdLogicVector" because the actual at position 0 has an ambiguous type - it could be "bit_vector" or "std_ulogic_vector", assuming "bit_vector" File: C:/Users/hilso/Downloads/mips/mips/inst2.vhd Line: 14
Info (12127): Elaborating entity "clock_converter" for the top level hierarchy
Info (286030): Timing-Driven Synthesis is running
Info (16010): Generating hard_block partition "hard_block:auto_generated_inst"
    Info (16011): Adding 0 node(s), including 0 DDIO, 0 PLL, 0 transceiver and 0 LCELL
Info (21057): Implemented 43 device resources after synthesis - the final resource count might be different
    Info (21058): Implemented 1 input pins
    Info (21059): Implemented 1 output pins
    Info (21061): Implemented 41 logic cells
Info: Quartus Prime Analysis & Synthesis was successful. 0 errors, 16 warnings
    Info: Peak virtual memory: 4866 megabytes
    Info: Processing ended: Thu Jul 09 17:25:46 2020
    Info: Elapsed time: 00:00:37
    Info: Total CPU time (on all processors): 00:00:49


